<?xml version="1.0" encoding="UTF-8"?>
<!-- Generated by org.testng.reporters.JUnitReportReporter -->
<testsuite skipped="0" hostname="praji" name="com.in.infosys.test.fast" tests="1" failures="0" timestamp="13 Oct 2020 09:22:02 GMT" time="2.821" errors="0">
  <testcase name="VerifyCreate" time="2.821" classname="com.in.infosys.test.fast"/>
</testsuite> <!-- com.in.infosys.test.fast -->
