<?xml version="1.0" encoding="UTF-8"?>
<!-- Generated by org.testng.reporters.JUnitReportReporter -->
<testsuite skipped="0" hostname="praji" name="com.in.infosys.test.fast" tests="1" failures="0" timestamp="2020-10-13T19:10:43 IST" time="3.570" errors="0">
  <testcase name="VerifyCreate" time="3.570" classname="com.in.infosys.test.fast"/>
  <system-out/>
</testsuite> <!-- com.in.infosys.test.fast -->
